::1 - - [05/Mar/2024:22:20:50 +0000] "POST /admin/login HTTP/1.1" 404 56 "-" "PostmanRuntime/7.36.3"
::1 - - [05/Mar/2024:22:49:52 +0000] "POST /admin/login HTTP/1.1" 500 125 "-" "PostmanRuntime/7.36.3"
::1 - - [05/Mar/2024:22:51:11 +0000] "POST /admin/login HTTP/1.1" 500 102 "-" "PostmanRuntime/7.36.3"
::1 - - [05/Mar/2024:22:51:40 +0000] "POST /admin/login HTTP/1.1" 500 102 "-" "PostmanRuntime/7.36.3"
::1 - - [05/Mar/2024:23:01:42 +0000] "POST /admin/login HTTP/1.1" 500 102 "-" "PostmanRuntime/7.36.3"
::1 - - [05/Mar/2024:23:17:55 +0000] "POST /admin/login HTTP/1.1" 200 406 "-" "PostmanRuntime/7.36.3"
::1 - - [05/Mar/2024:23:34:25 +0000] "GET /member/?limit=1&page=1 HTTP/1.1" 500 124 "-" "PostmanRuntime/7.36.3"
::1 - - [05/Mar/2024:23:36:12 +0000] "POST /admin/login HTTP/1.1" 200 406 "-" "PostmanRuntime/7.36.3"
::1 - - [05/Mar/2024:23:36:31 +0000] "GET /member/?limit=1&page=1 HTTP/1.1" 500 124 "-" "PostmanRuntime/7.36.3"
::1 - - [05/Mar/2024:23:38:23 +0000] "GET /member/?limit=1&page=1 HTTP/1.1" 500 124 "-" "PostmanRuntime/7.36.3"
::1 - - [05/Mar/2024:23:39:43 +0000] "GET /member/?limit=1&page=1 HTTP/1.1" 500 124 "-" "PostmanRuntime/7.36.3"
::1 - - [05/Mar/2024:23:39:47 +0000] "GET /member/?limit=1&page=1 HTTP/1.1" 500 124 "-" "PostmanRuntime/7.36.3"
::1 - - [05/Mar/2024:23:43:36 +0000] "GET /member/?limit=1&page=1 HTTP/1.1" 403 58 "-" "PostmanRuntime/7.36.3"
::1 - - [05/Mar/2024:23:48:31 +0000] "GET /member/?limit=1&page=1 HTTP/1.1" 403 58 "-" "PostmanRuntime/7.36.3"
::1 - - [05/Mar/2024:23:58:21 +0000] "GET /member/?limit=1&page=1 HTTP/1.1" 403 58 "-" "PostmanRuntime/7.36.3"
::1 - - [06/Mar/2024:00:00:34 +0000] "GET /member/?limit=1&page=1 HTTP/1.1" 403 58 "-" "PostmanRuntime/7.36.3"
::1 - - [06/Mar/2024:00:06:26 +0000] "GET /member/?limit=1&page=1 HTTP/1.1" 403 58 "-" "PostmanRuntime/7.36.3"
::1 - - [06/Mar/2024:00:07:48 +0000] "GET /member/?limit=1&page=1 HTTP/1.1" 403 58 "-" "PostmanRuntime/7.36.3"
::1 - - [06/Mar/2024:00:10:57 +0000] "GET /member/?limit=1&page=1 HTTP/1.1" 403 58 "-" "PostmanRuntime/7.36.3"
::1 - - [06/Mar/2024:00:13:02 +0000] "GET /member/?limit=1&page=1 HTTP/1.1" 403 58 "-" "PostmanRuntime/7.36.3"
::1 - - [06/Mar/2024:00:18:15 +0000] "GET /member/?limit=1&page=1 HTTP/1.1" 403 58 "-" "PostmanRuntime/7.36.3"
::1 - - [06/Mar/2024:00:23:17 +0000] "GET /member/?limit=1&page=1 HTTP/1.1" 403 58 "-" "PostmanRuntime/7.36.3"
::1 - - [06/Mar/2024:00:24:45 +0000] "POST /admin/login HTTP/1.1" 200 406 "-" "PostmanRuntime/7.36.3"
::1 - - [06/Mar/2024:00:26:57 +0000] "GET /member/?limit=1&page=1 HTTP/1.1" 404 64 "-" "PostmanRuntime/7.36.3"
::1 - - [06/Mar/2024:00:29:33 +0000] "POST /admin/login HTTP/1.1" 200 406 "-" "PostmanRuntime/7.36.3"
::1 - - [06/Mar/2024:00:29:57 +0000] "GET /member/?limit=1&page=1 HTTP/1.1" 403 58 "-" "PostmanRuntime/7.36.3"
::1 - - [06/Mar/2024:00:32:10 +0000] "GET /member/?limit=1&page=1 HTTP/1.1" 403 54 "-" "PostmanRuntime/7.36.3"
::1 - - [06/Mar/2024:00:33:29 +0000] "GET /member/?limit=1&page=1 HTTP/1.1" 200 463 "-" "PostmanRuntime/7.36.3"
::1 - - [06/Mar/2024:00:34:00 +0000] "GET /member/?limit=1&page=2 HTTP/1.1" 200 578 "-" "PostmanRuntime/7.36.3"
::1 - - [06/Mar/2024:00:34:19 +0000] "GET /member/?limit=10&page=2 HTTP/1.1" 200 1194 "-" "PostmanRuntime/7.36.3"
::1 - - [06/Mar/2024:00:34:41 +0000] "GET /member/?limit=10&page=1 HTTP/1.1" 200 3784 "-" "PostmanRuntime/7.36.3"
::1 - - [06/Mar/2024:00:35:06 +0000] "GET /member/?limit=10&page=2 HTTP/1.1" 200 1194 "-" "PostmanRuntime/7.36.3"
::1 - - [06/Mar/2024:00:35:20 +0000] "GET /member/?limit=1&page=2 HTTP/1.1" 200 578 "-" "PostmanRuntime/7.36.3"
::1 - - [08/Mar/2024:08:41:02 +0000] "POST /hall/ HTTP/1.1" 201 236 "-" "PostmanRuntime/7.36.3"
::1 - - [08/Mar/2024:08:41:42 +0000] "POST /hall/ HTTP/1.1" 201 231 "-" "PostmanRuntime/7.36.3"
::1 - - [08/Mar/2024:08:42:28 +0000] "GET /hall/65eacf1e6234193e3ce5a11f HTTP/1.1" 200 221 "-" "PostmanRuntime/7.36.3"
::1 - - [08/Mar/2024:08:42:59 +0000] "GET /hall?centre=Apatapiti HTTP/1.1" 400 61 "-" "PostmanRuntime/7.36.3"
::1 - - [08/Mar/2024:08:43:10 +0000] "GET /hall?centre=Northgate HTTP/1.1" 200 394 "-" "PostmanRuntime/7.36.3"
::1 - - [08/Mar/2024:08:43:52 +0000] "PUT /hall/65eacf1e6234193e3ce5a11f HTTP/1.1" 200 231 "-" "PostmanRuntime/7.36.3"
::1 - - [08/Mar/2024:08:44:48 +0000] "PUT /hall/65eacf1e6234193e3ce5a11f HTTP/1.1" 200 227 "-" "PostmanRuntime/7.36.3"
::1 - - [08/Mar/2024:08:44:57 +0000] "PUT /hall/65eacf1e6234193e3ce5a11f HTTP/1.1" 200 228 "-" "PostmanRuntime/7.36.3"
::1 - - [08/Mar/2024:08:45:09 +0000] "DELETE /hall/65eacf1e6234193e3ce5a11f HTTP/1.1" 200 90 "-" "PostmanRuntime/7.36.3"
::1 - - [08/Mar/2024:15:06:39 +0000] "GET /hall?centre=Northgate HTTP/1.1" 401 120 "-" "PostmanRuntime/7.36.3"
::1 - - [08/Mar/2024:15:07:49 +0000] "GET /hall?centre=Northgate HTTP/1.1" 200 270 "-" "PostmanRuntime/7.36.3"
::1 - - [08/Mar/2024:15:08:43 +0000] "POST /hall/ HTTP/1.1" 400 60 "-" "PostmanRuntime/7.36.3"
::1 - - [08/Mar/2024:15:09:04 +0000] "POST /hall/ HTTP/1.1" 201 232 "-" "PostmanRuntime/7.36.3"
::1 - - [08/Mar/2024:15:10:06 +0000] "POST /hall/ HTTP/1.1" 201 232 "-" "PostmanRuntime/7.36.3"
::1 - - [08/Mar/2024:15:10:38 +0000] "GET /hall?centre=Northgate HTTP/1.1" 200 441 "-" "PostmanRuntime/7.36.3"
::1 - - [08/Mar/2024:15:11:17 +0000] "GET /hall?centre=Northgatelimit=1&page=1 HTTP/1.1" 200 101 "-" "PostmanRuntime/7.36.3"
::1 - - [08/Mar/2024:15:11:28 +0000] "GET /hall?centre=Northgate&limit=1&page=1 HTTP/1.1" 200 269 "-" "PostmanRuntime/7.36.3"
::1 - - [08/Mar/2024:15:11:49 +0000] "GET /hall?centre=Northgate&limit=2&page=1 HTTP/1.1" 200 440 "-" "PostmanRuntime/7.36.3"
::1 - - [08/Mar/2024:15:12:23 +0000] "GET /hall?centre=n&limit=2&page=1 HTTP/1.1" 200 440 "-" "PostmanRuntime/7.36.3"
::1 - - [08/Mar/2024:15:12:42 +0000] "GET /hall?centre=g&limit=2&page=1 HTTP/1.1" 200 440 "-" "PostmanRuntime/7.36.3"
::1 - - [08/Mar/2024:15:13:17 +0000] "GET /hall?centre=g&limit=20&page=1 HTTP/1.1" 200 612 "-" "PostmanRuntime/7.36.3"
::1 - - [08/Mar/2024:15:13:39 +0000] "GET /hall?centre=gate&limit=2&page=1 HTTP/1.1" 200 440 "-" "PostmanRuntime/7.36.3"
::1 - - [08/Mar/2024:15:13:57 +0000] "GET /hall?centre=gate&limit=2&page=2 HTTP/1.1" 200 270 "-" "PostmanRuntime/7.36.3"
::1 - - [08/Mar/2024:15:21:17 +0000] "GET /hall?centre=gate&limit=2&page=2 HTTP/1.1" 200 280 "-" "PostmanRuntime/7.36.3"
::1 - - [08/Mar/2024:15:21:30 +0000] "GET /hall?centre=gate&limit=2&page=1 HTTP/1.1" 200 450 "-" "PostmanRuntime/7.36.3"
::1 - - [08/Mar/2024:15:41:07 +0000] "POST /hall/ HTTP/1.1" 500 165 "-" "PostmanRuntime/7.36.3"
::1 - - [08/Mar/2024:15:41:26 +0000] "POST /hall/ HTTP/1.1" 500 165 "-" "PostmanRuntime/7.36.3"
::1 - - [08/Mar/2024:17:14:37 +0000] "POST /centre/ HTTP/1.1" 500 281 "-" "PostmanRuntime/7.36.3"
::1 - - [08/Mar/2024:17:26:26 +0000] "POST /centre/ HTTP/1.1" 400 78 "-" "PostmanRuntime/7.36.3"
::1 - - [08/Mar/2024:17:33:32 +0000] "POST /centre/ HTTP/1.1" 400 114 "-" "PostmanRuntime/7.36.3"
::1 - - [08/Mar/2024:17:34:22 +0000] "POST /centre/ HTTP/1.1" 400 65 "-" "PostmanRuntime/7.36.3"
::1 - - [08/Mar/2024:17:35:15 +0000] "POST /centre/ HTTP/1.1" 400 96 "-" "PostmanRuntime/7.36.3"
::1 - - [08/Mar/2024:17:35:24 +0000] "POST /centre/ HTTP/1.1" 400 96 "-" "PostmanRuntime/7.36.3"
::1 - - [08/Mar/2024:17:35:34 +0000] "POST /centre/ HTTP/1.1" 201 250 "-" "PostmanRuntime/7.36.3"
::1 - - [08/Mar/2024:17:36:35 +0000] "POST /centre/ HTTP/1.1" 409 81 "-" "PostmanRuntime/7.36.3"
::1 - - [08/Mar/2024:17:40:52 +0000] "POST /centre/ HTTP/1.1" 201 259 "-" "PostmanRuntime/7.36.3"
::1 - - [08/Mar/2024:17:41:21 +0000] "POST /centre/ HTTP/1.1" 400 114 "-" "PostmanRuntime/7.36.3"
::1 - - [08/Mar/2024:17:41:58 +0000] "POST /centre/ HTTP/1.1" 201 249 "-" "PostmanRuntime/7.36.3"
::1 - - [08/Mar/2024:17:42:19 +0000] "POST /centre/ HTTP/1.1" 201 247 "-" "PostmanRuntime/7.36.3"
::1 - - [08/Mar/2024:17:42:39 +0000] "POST /centre/ HTTP/1.1" 201 240 "-" "PostmanRuntime/7.36.3"
::1 - - [08/Mar/2024:17:43:19 +0000] "GET /centre/ HTTP/1.1" 200 1050 "-" "PostmanRuntime/7.36.3"
::1 - - [08/Mar/2024:17:43:47 +0000] "GET /centre/?limit=4&page=1 HTTP/1.1" 200 872 "-" "PostmanRuntime/7.36.3"
::1 - - [08/Mar/2024:17:44:57 +0000] "GET /centre/?limit=4&page=1&dlcfCampus&name=alejolowo HTTP/1.1" 200 306 "-" "PostmanRuntime/7.36.3"
::1 - - [08/Mar/2024:17:45:35 +0000] "GET /centre/?dlcfCampus&name=alejolowo HTTP/1.1" 200 307 "-" "PostmanRuntime/7.36.3"
::1 - - [08/Mar/2024:17:50:33 +0000] "GET /centre/ HTTP/1.1" 200 1050 "-" "PostmanRuntime/7.36.3"
::1 - - [08/Mar/2024:19:15:17 +0000] "POST /hall/ HTTP/1.1" 400 120 "-" "PostmanRuntime/7.36.3"
::1 - - [08/Mar/2024:19:19:18 +0000] "POST /hall/ HTTP/1.1" 400 120 "-" "PostmanRuntime/7.36.3"
::1 - - [08/Mar/2024:19:20:54 +0000] "POST /hall/ HTTP/1.1" 400 307 "-" "PostmanRuntime/7.36.3"
::1 - - [08/Mar/2024:19:22:21 +0000] "POST /hall/ HTTP/1.1" 500 165 "-" "PostmanRuntime/7.36.3"
::1 - - [08/Mar/2024:19:24:29 +0000] "POST /hall/ HTTP/1.1" 500 165 "-" "PostmanRuntime/7.36.3"
::1 - - [08/Mar/2024:19:26:12 +0000] "POST /hall/ HTTP/1.1" 500 165 "-" "PostmanRuntime/7.36.3"
::1 - - [08/Mar/2024:19:27:07 +0000] "POST /hall/ HTTP/1.1" 500 165 "-" "PostmanRuntime/7.36.3"
::1 - - [08/Mar/2024:19:30:08 +0000] "POST /hall/ HTTP/1.1" 500 165 "-" "PostmanRuntime/7.36.3"
::1 - - [08/Mar/2024:19:34:21 +0000] "POST /hall/ HTTP/1.1" 201 247 "-" "PostmanRuntime/7.36.3"
::1 - - [08/Mar/2024:19:48:21 +0000] "POST /hall/ HTTP/1.1" 400 60 "-" "PostmanRuntime/7.36.3"
::1 - - [08/Mar/2024:19:50:51 +0000] "POST /hall/ HTTP/1.1" 201 246 "-" "PostmanRuntime/7.36.3"
::1 - - [08/Mar/2024:19:51:37 +0000] "POST /hall/ HTTP/1.1" 201 250 "-" "PostmanRuntime/7.36.3"
::1 - - [08/Mar/2024:19:51:58 +0000] "POST /hall/ HTTP/1.1" 400 307 "-" "PostmanRuntime/7.36.3"
::1 - - [08/Mar/2024:19:52:25 +0000] "POST /hall/ HTTP/1.1" 201 263 "-" "PostmanRuntime/7.36.3"
::1 - - [08/Mar/2024:19:54:21 +0000] "POST /hall/ HTTP/1.1" - - "-" "PostmanRuntime/7.36.3"
::1 - - [08/Mar/2024:19:54:45 +0000] "POST /hall/ HTTP/1.1" 201 247 "-" "PostmanRuntime/7.36.3"
::1 - - [08/Mar/2024:19:55:04 +0000] "POST /hall/ HTTP/1.1" 400 60 "-" "PostmanRuntime/7.36.3"
::1 - - [08/Mar/2024:19:56:08 +0000] "POST /hall/ HTTP/1.1" 201 262 "-" "PostmanRuntime/7.36.3"
::1 - - [08/Mar/2024:19:56:20 +0000] "POST /hall/ HTTP/1.1" 201 259 "-" "PostmanRuntime/7.36.3"
::1 - - [08/Mar/2024:19:56:31 +0000] "POST /hall/ HTTP/1.1" 201 258 "-" "PostmanRuntime/7.36.3"
::1 - - [08/Mar/2024:19:56:42 +0000] "POST /hall/ HTTP/1.1" 201 263 "-" "PostmanRuntime/7.36.3"
::1 - - [08/Mar/2024:19:56:58 +0000] "POST /hall/ HTTP/1.1" 400 307 "-" "PostmanRuntime/7.36.3"
::1 - - [08/Mar/2024:19:57:18 +0000] "POST /hall/ HTTP/1.1" 201 259 "-" "PostmanRuntime/7.36.3"
::1 - - [08/Mar/2024:19:57:26 +0000] "POST /hall/ HTTP/1.1" 201 261 "-" "PostmanRuntime/7.36.3"
::1 - - [08/Mar/2024:19:58:21 +0000] "POST /hall/ HTTP/1.1" 201 255 "-" "PostmanRuntime/7.36.3"
::1 - - [08/Mar/2024:19:58:43 +0000] "POST /hall/ HTTP/1.1" 400 307 "-" "PostmanRuntime/7.36.3"
::1 - - [08/Mar/2024:19:59:27 +0000] "POST /hall/ HTTP/1.1" 201 270 "-" "PostmanRuntime/7.36.3"
::1 - - [08/Mar/2024:19:59:51 +0000] "POST /hall/ HTTP/1.1" 400 307 "-" "PostmanRuntime/7.36.3"
::1 - - [08/Mar/2024:20:00:03 +0000] "POST /hall/ HTTP/1.1" 201 270 "-" "PostmanRuntime/7.36.3"
::1 - - [08/Mar/2024:20:00:18 +0000] "POST /hall/ HTTP/1.1" 201 255 "-" "PostmanRuntime/7.36.3"
::1 - - [08/Mar/2024:20:01:44 +0000] "POST /hall/ HTTP/1.1" 500 130 "-" "PostmanRuntime/7.36.3"
::1 - - [08/Mar/2024:20:02:15 +0000] "POST /hall/ HTTP/1.1" 201 248 "-" "PostmanRuntime/7.36.3"
::1 - - [08/Mar/2024:20:02:26 +0000] "POST /hall/ HTTP/1.1" 201 251 "-" "PostmanRuntime/7.36.3"
::1 - - [08/Mar/2024:20:03:07 +0000] "POST /hall/ HTTP/1.1" 201 250 "-" "PostmanRuntime/7.36.3"
::1 - - [08/Mar/2024:20:03:23 +0000] "POST /hall/ HTTP/1.1" 201 249 "-" "PostmanRuntime/7.36.3"
::1 - - [08/Mar/2024:20:04:21 +0000] "POST /hall/ HTTP/1.1" 201 249 "-" "PostmanRuntime/7.36.3"
::1 - - [08/Mar/2024:20:10:54 +0000] "GET /hall?centre=gate&limit=2&page=1 HTTP/1.1" 500 82 "-" "PostmanRuntime/7.36.3"
::1 - - [08/Mar/2024:20:12:29 +0000] "GET /hall?centre=gate&limit=2&page=1 HTTP/1.1" 200 480 "-" "PostmanRuntime/7.36.3"
::1 - - [08/Mar/2024:20:13:07 +0000] "GET /hall?centre=gate&limit=2&page=2 HTTP/1.1" 200 491 "-" "PostmanRuntime/7.36.3"
::1 - - [08/Mar/2024:20:13:21 +0000] "GET /hall?centre=gate&limit=2&page=3 HTTP/1.1" 200 505 "-" "PostmanRuntime/7.36.3"
::1 - - [08/Mar/2024:20:14:21 +0000] "GET /hall?limit=2&page=3&name=faith HTTP/1.1" 200 505 "-" "PostmanRuntime/7.36.3"
::1 - - [08/Mar/2024:20:14:32 +0000] "GET /hall?limit=2&page=3&name=faith HTTP/1.1" 200 505 "-" "PostmanRuntime/7.36.3"
::1 - - [08/Mar/2024:20:15:21 +0000] "GET /hall?limit=2&page=3&name=purity HTTP/1.1" 200 505 "-" "PostmanRuntime/7.36.3"
::1 - - [08/Mar/2024:20:15:32 +0000] "GET /hall?name=purity HTTP/1.1" 200 4026 "-" "PostmanRuntime/7.36.3"
::1 - - [08/Mar/2024:20:17:28 +0000] "GET /hall?name=purity HTTP/1.1" 200 298 "-" "PostmanRuntime/7.36.3"
::1 - - [08/Mar/2024:20:17:40 +0000] "GET /hall?name=faith HTTP/1.1" 200 295 "-" "PostmanRuntime/7.36.3"
::1 - - [08/Mar/2024:20:18:15 +0000] "GET /hall?name=power HTTP/1.1" 200 288 "-" "PostmanRuntime/7.36.3"
::1 - - [08/Mar/2024:20:18:46 +0000] "GET /hall/ HTTP/1.1" 200 4026 "-" "PostmanRuntime/7.36.3"
::1 - - [08/Mar/2024:21:40:52 +0000] "POST /school/ HTTP/1.1" 400 75 "-" "PostmanRuntime/7.36.3"
::1 - - [08/Mar/2024:21:41:35 +0000] "POST /school/ HTTP/1.1" 500 150 "-" "PostmanRuntime/7.36.3"
::1 - - [08/Mar/2024:21:42:38 +0000] "POST /school/ HTTP/1.1" 201 600 "-" "PostmanRuntime/7.36.3"
::1 - - [08/Mar/2024:21:50:45 +0000] "POST /school/ HTTP/1.1" 201 415 "-" "PostmanRuntime/7.36.3"
::1 - - [08/Mar/2024:21:56:45 +0000] "POST /school/ HTTP/1.1" 400 79 "-" "PostmanRuntime/7.36.3"
::1 - - [08/Mar/2024:21:56:56 +0000] "POST /school/ HTTP/1.1" 201 862 "-" "PostmanRuntime/7.36.3"
::1 - - [08/Mar/2024:21:59:38 +0000] "POST /school/ HTTP/1.1" 201 423 "-" "PostmanRuntime/7.36.3"
::1 - - [08/Mar/2024:22:02:14 +0000] "POST /school/ HTTP/1.1" 201 501 "-" "PostmanRuntime/7.36.3"
::1 - - [08/Mar/2024:22:06:59 +0000] "POST /school/ HTTP/1.1" 201 528 "-" "PostmanRuntime/7.36.3"
::1 - - [08/Mar/2024:22:09:04 +0000] "POST /school/ HTTP/1.1" 201 404 "-" "PostmanRuntime/7.36.3"
::1 - - [08/Mar/2024:22:10:41 +0000] "POST /school/ HTTP/1.1" 201 303 "-" "PostmanRuntime/7.36.3"
::1 - - [08/Mar/2024:22:13:02 +0000] "POST /school/ HTTP/1.1" 500 130 "-" "PostmanRuntime/7.36.3"
::1 - - [08/Mar/2024:22:14:22 +0000] "POST /school/ HTTP/1.1" 201 317 "-" "PostmanRuntime/7.36.3"
::1 - - [08/Mar/2024:22:14:33 +0000] "POST /school/ HTTP/1.1" 400 141 "-" "PostmanRuntime/7.36.3"
::1 - - [08/Mar/2024:22:15:09 +0000] "GET /school/ HTTP/1.1" 200 3369 "-" "PostmanRuntime/7.36.3"
::1 - - [08/Mar/2024:22:19:10 +0000] "GET /school/?department=Information%20Technology HTTP/1.1" 200 121 "-" "PostmanRuntime/7.36.3"
::1 - - [08/Mar/2024:22:19:38 +0000] "GET /school/?department=Information HTTP/1.1" 200 121 "-" "PostmanRuntime/7.36.3"
::1 - - [08/Mar/2024:22:19:55 +0000] "GET /school/?school=set HTTP/1.1" 200 558 "-" "PostmanRuntime/7.36.3"
::1 - - [08/Mar/2024:22:34:34 +0000] "GET /school/?departmentName=Information HTTP/1.1" 200 121 "-" "PostmanRuntime/7.36.3"
::1 - - [08/Mar/2024:22:36:52 +0000] "GET /school/?departmentName=Information HTTP/1.1" 500 97 "-" "PostmanRuntime/7.36.3"
::1 - - [08/Mar/2024:22:37:38 +0000] "GET /school/?departmentName=Information HTTP/1.1" 200 121 "-" "PostmanRuntime/7.36.3"
::1 - - [08/Mar/2024:22:41:42 +0000] "GET /school/?departmentName=Information HTTP/1.1" 500 95 "-" "PostmanRuntime/7.36.3"
::1 - - [08/Mar/2024:22:48:34 +0000] "GET /school/?departmentName=Information HTTP/1.1" 200 121 "-" "PostmanRuntime/7.36.3"
::1 - - [08/Mar/2024:22:48:58 +0000] "GET /school/?departmentName=information HTTP/1.1" 200 121 "-" "PostmanRuntime/7.36.3"
::1 - - [08/Mar/2024:22:50:19 +0000] "GET /school/?departmentName=information HTTP/1.1" 200 121 "-" "PostmanRuntime/7.36.3"
::1 - - [08/Mar/2024:22:50:53 +0000] "GET /school/?departmentName=information HTTP/1.1" 200 121 "-" "PostmanRuntime/7.36.3"
::1 - - [08/Mar/2024:22:53:13 +0000] "GET /school/?departmentName=computer%20engineering HTTP/1.1" 200 919 "-" "PostmanRuntime/7.36.3"
::1 - - [08/Mar/2024:22:53:42 +0000] "GET /school/?departmentName=engineering HTTP/1.1" 200 919 "-" "PostmanRuntime/7.36.3"
::1 - - [08/Mar/2024:22:53:52 +0000] "GET /school/?departmentName=information HTTP/1.1" 200 121 "-" "PostmanRuntime/7.36.3"
::1 - - [08/Mar/2024:22:54:12 +0000] "GET /school/?departmentName=mathematics HTTP/1.1" 200 121 "-" "PostmanRuntime/7.36.3"
::1 - - [08/Mar/2024:22:54:39 +0000] "GET /school/?departmentName=Chemistry HTTP/1.1" 200 121 "-" "PostmanRuntime/7.36.3"
::1 - - [08/Mar/2024:22:55:27 +0000] "GET /school/?departmentName=Chemistry HTTP/1.1" 200 121 "-" "PostmanRuntime/7.36.3"
::1 - - [08/Mar/2024:22:58:29 +0000] "GET /school/?departmentName=Mathematics HTTP/1.1" 200 360 "-" "PostmanRuntime/7.36.3"
::1 - - [08/Mar/2024:22:58:56 +0000] "GET /school/?departmentName=Physics HTTP/1.1" 200 121 "-" "PostmanRuntime/7.36.3"
::1 - - [08/Mar/2024:23:07:19 +0000] "GET /school/?departmentName=Physics HTTP/1.1" 200 360 "-" "PostmanRuntime/7.36.3"
::1 - - [08/Mar/2024:23:07:34 +0000] "GET /school/?departmentName=Computer%20Engineering HTTP/1.1" 200 919 "-" "PostmanRuntime/7.36.3"
::1 - - [08/Mar/2024:23:07:50 +0000] "GET /school/?departmentName=information HTTP/1.1" 200 121 "-" "PostmanRuntime/7.36.3"
::1 - - [08/Mar/2024:23:08:02 +0000] "GET /school/?departmentName=Information HTTP/1.1" 200 121 "-" "PostmanRuntime/7.36.3"
::1 - - [08/Mar/2024:23:09:17 +0000] "GET /school/?departmentName=Information HTTP/1.1" 200 121 "-" "PostmanRuntime/7.36.3"
::1 - - [08/Mar/2024:23:09:45 +0000] "GET /school/?departmentName=Information%20communication HTTP/1.1" 200 121 "-" "PostmanRuntime/7.36.3"
::1 - - [08/Mar/2024:23:10:00 +0000] "GET /school/?departmentName=Information%20communication%20system HTTP/1.1" 200 121 "-" "PostmanRuntime/7.36.3"
::1 - - [08/Mar/2024:23:10:20 +0000] "GET /school/?departmentName=Information%20communication%20technology HTTP/1.1" 200 919 "-" "PostmanRuntime/7.36.3"
::1 - - [08/Mar/2024:23:10:35 +0000] "GET /school/?departmentName=Information%20system HTTP/1.1" 200 121 "-" "PostmanRuntime/7.36.3"
::1 - - [08/Mar/2024:23:10:49 +0000] "GET /school/?departmentName=Information%20systems HTTP/1.1" 200 472 "-" "PostmanRuntime/7.36.3"
::1 - - [08/Mar/2024:23:24:59 +0000] "GET /school/?schoolCode=set HTTP/1.1" 200 3397 "-" "PostmanRuntime/7.36.3"
::1 - - [08/Mar/2024:23:27:04 +0000] "GET /school/ HTTP/1.1" 200 3401 "-" "PostmanRuntime/7.36.3"
::1 - - [08/Mar/2024:23:46:18 +0000] "PATCH /school/65eb8835a09f206ab9c09146 HTTP/1.1" 409 95 "-" "PostmanRuntime/7.36.3"
::1 - - [08/Mar/2024:23:47:28 +0000] "PATCH /school/65eb8835a09f206ab9c09146 HTTP/1.1" 409 95 "-" "PostmanRuntime/7.36.3"
::1 - - [08/Mar/2024:23:51:28 +0000] "PATCH /school/65eb8835a09f206ab9c09146 HTTP/1.1" 200 450 "-" "PostmanRuntime/7.36.3"
::1 - - [08/Mar/2024:23:52:28 +0000] "PATCH /school/65eb89a7a09f206ab9c0914c HTTP/1.1" 400 524 "-" "PostmanRuntime/7.36.3"
::1 - - [08/Mar/2024:23:52:46 +0000] "PATCH /school/65eb89a7a09f206ab9c0914c HTTP/1.1" 200 926 "-" "PostmanRuntime/7.36.3"
::1 - - [08/Mar/2024:23:53:36 +0000] "PATCH /school/65eb8a4aa09f206ab9c09150 HTTP/1.1" 200 475 "-" "PostmanRuntime/7.36.3"
::1 - - [08/Mar/2024:23:54:36 +0000] "PATCH /school/65eb8ae6a09f206ab9c09154 HTTP/1.1" 200 551 "-" "PostmanRuntime/7.36.3"
::1 - - [08/Mar/2024:23:55:23 +0000] "PATCH /school/65eb8c03a09f206ab9c09158 HTTP/1.1" 200 588 "-" "PostmanRuntime/7.36.3"
::1 - - [08/Mar/2024:23:56:13 +0000] "PATCH /school/65eb8c80a09f206ab9c0915c HTTP/1.1" 200 452 "-" "PostmanRuntime/7.36.3"
::1 - - [08/Mar/2024:23:57:01 +0000] "PATCH /school/65eb8ce1a09f206ab9c09160 HTTP/1.1" 200 346 "-" "PostmanRuntime/7.36.3"
::1 - - [08/Mar/2024:23:57:41 +0000] "PATCH /school/65eb8dbea09f206ab9c09165 HTTP/1.1" 200 356 "-" "PostmanRuntime/7.36.3"
::1 - - [09/Mar/2024:00:08:41 +0000] "POST /school/ HTTP/1.1" 201 840 "-" "PostmanRuntime/7.36.3"
::1 - - [09/Mar/2024:00:13:17 +0000] "GET /school/65eb8dbea09f206ab9c09165 HTTP/1.1" 409 97 "-" "PostmanRuntime/7.36.3"
::1 - - [09/Mar/2024:00:14:24 +0000] "GET /school/65eb8dbea09f206ab9c09165 HTTP/1.1" 200 356 "-" "PostmanRuntime/7.36.3"
::1 - - [09/Mar/2024:00:40:17 +0000] "GET /centre/65eb4de6c1ba27e3165eb234 HTTP/1.1" 200 249 "-" "PostmanRuntime/7.36.3"
::1 - - [09/Mar/2024:00:55:04 +0000] "GET /hall/?centre=northgate HTTP/1.1" 200 1318 "-" "PostmanRuntime/7.36.3"
::1 - - [09/Mar/2024:00:56:17 +0000] "GET /hall/?centre=alejolowo HTTP/1.1" 200 686 "-" "PostmanRuntime/7.36.3"
::1 - - [09/Mar/2024:01:05:39 +0000] "PUT /hall/65eb6efaae461444058d25fd HTTP/1.1" 200 257 "-" "PostmanRuntime/7.36.3"
::1 - - [09/Mar/2024:01:06:19 +0000] "PUT /hall/65eb6f0bae461444058d2601 HTTP/1.1" 200 256 "-" "PostmanRuntime/7.36.3"
::1 - - [09/Mar/2024:01:06:43 +0000] "PUT /hall/65eb6f45ae461444058d2605 HTTP/1.1" 200 256 "-" "PostmanRuntime/7.36.3"
::1 - - [09/Mar/2024:01:07:48 +0000] "PUT /hall/65eb6d58ae461444058d25cc HTTP/1.1" 200 269 "-" "PostmanRuntime/7.36.3"
::1 - - [09/Mar/2024:01:08:57 +0000] "PUT /hall/65eb6d64ae461444058d25d0 HTTP/1.1" 200 266 "-" "PostmanRuntime/7.36.3"
::1 - - [09/Mar/2024:01:09:12 +0000] "PUT /hall/65eb6d6eae461444058d25d4 HTTP/1.1" 200 265 "-" "PostmanRuntime/7.36.3"
::1 - - [09/Mar/2024:01:09:27 +0000] "PUT /hall/65eb6d7aae461444058d25d8 HTTP/1.1" 200 270 "-" "PostmanRuntime/7.36.3"
::1 - - [09/Mar/2024:01:09:43 +0000] "PUT /hall/65eb6d9eae461444058d25dc HTTP/1.1" 200 266 "-" "PostmanRuntime/7.36.3"
::1 - - [09/Mar/2024:01:09:58 +0000] "PUT /hall/65eb6da5ae461444058d25e0 HTTP/1.1" 200 268 "-" "PostmanRuntime/7.36.3"
::1 - - [09/Mar/2024:01:10:44 +0000] "PUT /hall/65eb683d6f5fa76adcf18cf1 HTTP/1.1" 200 263 "-" "PostmanRuntime/7.36.3"
::1 - - [09/Mar/2024:01:10:59 +0000] "PUT /hall/65eb6c1bae461444058d25b7 HTTP/1.1" 200 253 "-" "PostmanRuntime/7.36.3"
::1 - - [09/Mar/2024:01:11:14 +0000] "PUT /hall/65eb6c49ae461444058d25bb HTTP/1.1" 200 257 "-" "PostmanRuntime/7.36.3"
::1 - - [09/Mar/2024:01:11:29 +0000] "PUT /hall/65eb6c78ae461444058d25bf HTTP/1.1" 200 270 "-" "PostmanRuntime/7.36.3"
::1 - - [09/Mar/2024:01:11:44 +0000] "PUT /hall/65eb6cf0ae461444058d25c3 HTTP/1.1" 200 278 "-" "PostmanRuntime/7.36.3"
::1 - - [09/Mar/2024:01:11:58 +0000] "PUT /hall/65eb6d04ae461444058d25c7 HTTP/1.1" 200 263 "-" "PostmanRuntime/7.36.3"
::1 - - [09/Mar/2024:01:12:54 +0000] "PUT /hall/65eb6dddae461444058d25e4 HTTP/1.1" 200 262 "-" "PostmanRuntime/7.36.3"
::1 - - [09/Mar/2024:01:13:10 +0000] "PUT /hall/65eb6e1fae461444058d25e8 HTTP/1.1" 200 277 "-" "PostmanRuntime/7.36.3"
::1 - - [09/Mar/2024:01:13:26 +0000] "PUT /hall/65eb6e43ae461444058d25ec HTTP/1.1" 200 277 "-" "PostmanRuntime/7.36.3"
::1 - - [09/Mar/2024:01:14:08 +0000] "PUT /hall/65eb6ec6ae461444058d25f5 HTTP/1.1" 200 255 "-" "PostmanRuntime/7.36.3"
::1 - - [09/Mar/2024:01:14:47 +0000] "PUT /hall/65eb6ed1ae461444058d25f9 HTTP/1.1" 200 258 "-" "PostmanRuntime/7.36.3"
::1 - - [09/Mar/2024:01:17:45 +0000] "GET /centre/65eb4de6c1ba27e3165eb234 HTTP/1.1" 200 249 "-" "PostmanRuntime/7.36.3"
::1 - - [09/Mar/2024:01:17:54 +0000] "GET /centre/65eb4de6c1ba27e3165eb234 HTTP/1.1" 200 249 "-" "PostmanRuntime/7.36.3"
::1 - - [09/Mar/2024:01:19:56 +0000] "GET /centre/65eb4de6c1ba27e3165eb234 HTTP/1.1" 200 410 "-" "PostmanRuntime/7.36.3"
::1 - - [09/Mar/2024:01:24:32 +0000] "GET /centre/65eb4de6c1ba27e3165eb234 HTTP/1.1" 200 410 "-" "PostmanRuntime/7.36.3"
::1 - - [09/Mar/2024:01:24:43 +0000] "GET /centre/65eb4de6c1ba27e3165eb234 HTTP/1.1" 200 410 "-" "PostmanRuntime/7.36.3"
::1 - - [09/Mar/2024:01:25:04 +0000] "GET /hall/65e9eda609fa2c11075676fd HTTP/1.1" 400 63 "-" "PostmanRuntime/7.36.3"
::1 - - [09/Mar/2024:01:25:27 +0000] "GET /hall/65eb6ed1ae461444058d25f9 HTTP/1.1" 200 236 "-" "PostmanRuntime/7.36.3"
::1 - - [09/Mar/2024:01:27:50 +0000] "GET /hall/65eb6ed1ae461444058d25f9 HTTP/1.1" 200 243 "-" "PostmanRuntime/7.36.3"
::1 - - [09/Mar/2024:01:30:55 +0000] "GET /hall/65eb6ed1ae461444058d25f9 HTTP/1.1" 200 243 "-" "PostmanRuntime/7.36.3"
::1 - - [09/Mar/2024:01:31:00 +0000] "GET /hall/65eb6ed1ae461444058d25f9 HTTP/1.1" 200 243 "-" "PostmanRuntime/7.36.3"
::1 - - [09/Mar/2024:01:31:49 +0000] "GET /hall/65eb6ed1ae461444058d25f9 HTTP/1.1" 200 212 "-" "PostmanRuntime/7.36.3"
::1 - - [09/Mar/2024:01:42:33 +0000] "GET /hall/65eb6ed1ae461444058d25f9 HTTP/1.1" 200 245 "-" "PostmanRuntime/7.36.3"
::1 - - [09/Mar/2024:01:42:51 +0000] "GET /centre/65eb4de6c1ba27e3165eb234 HTTP/1.1" 200 1280 "-" "PostmanRuntime/7.36.3"
::1 - - [09/Mar/2024:01:45:38 +0000] "GET /centre/65eb4de6c1ba27e3165eb234 HTTP/1.1" 200 548 "-" "PostmanRuntime/7.36.3"
::1 - - [09/Mar/2024:01:51:21 +0000] "GET /hall/ HTTP/1.1" 200 4425 "-" "PostmanRuntime/7.36.3"
::1 - - [11/Mar/2024:13:02:06 +0000] "GET /hall/ HTTP/1.1" 200 4425 "-" "PostmanRuntime/7.36.3"
::1 - - [11/Mar/2024:13:04:22 +0000] "GET /morning-prayer/ HTTP/1.1" 404 56 "-" "PostmanRuntime/7.36.3"
::1 - - [11/Mar/2024:13:04:36 +0000] "GET /report/morning-prayer/ HTTP/1.1" 404 56 "-" "PostmanRuntime/7.36.3"
::1 - - [11/Mar/2024:13:04:52 +0000] "GET /reports/morning-prayer/ HTTP/1.1" 404 56 "-" "PostmanRuntime/7.36.3"
::1 - - [11/Mar/2024:13:05:22 +0000] "GET /reports/morning_prayer/ HTTP/1.1" 404 56 "-" "PostmanRuntime/7.36.3"
::1 - - [11/Mar/2024:13:06:11 +0000] "GET /report/morning_prayer HTTP/1.1" - - "-" "PostmanRuntime/7.36.3"
::1 - - [11/Mar/2024:13:06:23 +0000] "GET /report/morning_prayer HTTP/1.1" - - "-" "PostmanRuntime/7.36.3"
::1 - - [11/Mar/2024:13:06:50 +0000] "GET /report/morning_prayer/ HTTP/1.1" - - "-" "PostmanRuntime/7.36.3"
::1 - - [11/Mar/2024:13:06:53 +0000] "POST /report/morning_prayer/ HTTP/1.1" 500 156 "-" "PostmanRuntime/7.36.3"
::1 - - [11/Mar/2024:13:09:15 +0000] "POST /report/morning_prayer/ HTTP/1.1" 400 60 "-" "PostmanRuntime/7.36.3"
::1 - - [11/Mar/2024:13:09:26 +0000] "POST /report/morning_prayer/ HTTP/1.1" 201 69 "-" "PostmanRuntime/7.36.3"
::1 - - [11/Mar/2024:13:11:37 +0000] "GET /report/morning_prayer HTTP/1.1" 500 181 "-" "PostmanRuntime/7.36.3"
::1 - - [11/Mar/2024:13:14:04 +0000] "GET /report/morning_prayer HTTP/1.1" 500 181 "-" "PostmanRuntime/7.36.3"
::1 - - [11/Mar/2024:13:14:55 +0000] "GET /report/morning_prayer HTTP/1.1" 500 181 "-" "PostmanRuntime/7.36.3"
::1 - - [11/Mar/2024:13:17:28 +0000] "GET /report/morning_prayer HTTP/1.1" 500 157 "-" "PostmanRuntime/7.36.3"
::1 - - [11/Mar/2024:13:35:13 +0000] "DELETE /report/morning_prayer/65ef02867f75f8c8ba7b98d0 HTTP/1.1" 200 191 "-" "PostmanRuntime/7.36.3"
::1 - - [11/Mar/2024:13:35:29 +0000] "POST /report/morning_prayer/ HTTP/1.1" 201 69 "-" "PostmanRuntime/7.36.3"
::1 - - [11/Mar/2024:13:37:26 +0000] "GET /report/morning_prayer HTTP/1.1" - - "-" "PostmanRuntime/7.36.3"
::1 - - [11/Mar/2024:13:38:05 +0000] "GET /report/morning_prayer? HTTP/1.1" - - "-" "PostmanRuntime/7.36.3"
::1 - - [11/Mar/2024:13:39:08 +0000] "GET /report/morning_prayer HTTP/1.1" - - "-" "PostmanRuntime/7.36.3"
::1 - - [11/Mar/2024:13:39:11 +0000] "GET /report/morning_praye HTTP/1.1" 404 56 "-" "PostmanRuntime/7.36.3"
::1 - - [11/Mar/2024:13:40:37 +0000] "GET /report/morning_prayer/ HTTP/1.1" - - "-" "PostmanRuntime/7.36.3"
::1 - - [11/Mar/2024:13:40:47 +0000] "GET /report/morning_prayer/?hall=zion HTTP/1.1" - - "-" "PostmanRuntime/7.36.3"
::1 - - [11/Mar/2024:13:40:59 +0000] "GET /report/morning_prayer?hall=zion HTTP/1.1" - - "-" "PostmanRuntime/7.36.3"
::1 - - [11/Mar/2024:13:41:02 +0000] "PUT /report/morning_prayer?hall=zion HTTP/1.1" 404 56 "-" "PostmanRuntime/7.36.3"
::1 - - [11/Mar/2024:13:41:55 +0000] "GET /report/morning_prayer?hall=zion HTTP/1.1" - - "-" "PostmanRuntime/7.36.3"
::1 - - [11/Mar/2024:13:42:58 +0000] "GET /report/morning_prayer?hall=zio HTTP/1.1" - - "-" "PostmanRuntime/7.36.3"
::1 - - [11/Mar/2024:13:45:52 +0000] "GET /report/morning_prayer?hall=zio HTTP/1.1" 200 127 "-" "PostmanRuntime/7.36.3"
::1 - - [11/Mar/2024:13:54:16 +0000] "GET /report/morning_prayer?hall=zio HTTP/1.1" 200 127 "-" "PostmanRuntime/7.36.3"
::1 - - [11/Mar/2024:13:56:13 +0000] "GET /report/morning_prayer?hall=zio HTTP/1.1" 200 610 "-" "PostmanRuntime/7.36.3"
::1 - - [11/Mar/2024:13:58:19 +0000] "PUT /report/65eb6c1bae461444058d25b7 HTTP/1.1" 404 56 "-" "PostmanRuntime/7.36.3"
::1 - - [11/Mar/2024:13:59:45 +0000] "PUT /report/morning-prayer/65eb6c1bae461444058d25b7 HTTP/1.1" 404 56 "-" "PostmanRuntime/7.36.3"
::1 - - [11/Mar/2024:14:00:10 +0000] "PUT /report/morning_prayer/65eb6c1bae461444058d25b7 HTTP/1.1" 400 73 "-" "PostmanRuntime/7.36.3"
::1 - - [11/Mar/2024:14:02:27 +0000] "PUT /report/morning_prayer/65ef08a1c2abe8b3cf6ed8e1 HTTP/1.1" 200 405 "-" "PostmanRuntime/7.36.3"
::1 - - [11/Mar/2024:14:02:48 +0000] "PUT /report/morning_prayer/65ef08a1c2abe8b3cf6ed8e1 HTTP/1.1" 500 183 "-" "PostmanRuntime/7.36.3"
::1 - - [11/Mar/2024:14:03:04 +0000] "PUT /report/morning_prayer/65ef08a1c2abe8b3cf6ed8e1 HTTP/1.1" 200 405 "-" "PostmanRuntime/7.36.3"
::1 - - [11/Mar/2024:14:03:41 +0000] "GET /report/morning_prayer/65ef08a1c2abe8b3cf6ed8e1 HTTP/1.1" 500 181 "-" "PostmanRuntime/7.36.3"
::1 - - [11/Mar/2024:14:05:18 +0000] "GET /report/morning_prayer/65ef08a1c2abe8b3cf6ed8e1 HTTP/1.1" 200 524 "-" "PostmanRuntime/7.36.3"
::1 - - [11/Mar/2024:14:06:44 +0000] "POST /report/evening_prayer/ HTTP/1.1" 201 69 "-" "PostmanRuntime/7.36.3"
::1 - - [11/Mar/2024:14:07:07 +0000] "GET /report/evening_prayer?hall=zio HTTP/1.1" 400 60 "-" "PostmanRuntime/7.36.3"
::1 - - [11/Mar/2024:14:08:07 +0000] "GET /report/evening_prayer?hall=zio HTTP/1.1" 200 127 "-" "PostmanRuntime/7.36.3"
::1 - - [11/Mar/2024:14:09:39 +0000] "GET /report/evening_prayer?hall=zio HTTP/1.1" 200 532 "-" "PostmanRuntime/7.36.3"
::1 - - [11/Mar/2024:14:10:38 +0000] "DELETE /report/evening_prayer/65ef0ff465de01d4b608ad6c HTTP/1.1" 200 191 "-" "PostmanRuntime/7.36.3"
::1 - - [11/Mar/2024:14:10:56 +0000] "POST /report/evening_prayer/ HTTP/1.1" 201 69 "-" "PostmanRuntime/7.36.3"
::1 - - [11/Mar/2024:14:11:14 +0000] "GET /report/evening_prayer?hall=zio HTTP/1.1" 200 532 "-" "PostmanRuntime/7.36.3"
::1 - - [11/Mar/2024:14:11:48 +0000] "GET /report/evening_prayer/65ef10efe102c17506dd2856 HTTP/1.1" 200 469 "-" "PostmanRuntime/7.36.3"
::1 - - [11/Mar/2024:14:12:44 +0000] "PUT /report/evening_prayer/65ef10efe102c17506dd2856 HTTP/1.1" 200 327 "-" "PostmanRuntime/7.36.3"
::1 - - [11/Mar/2024:14:13:58 +0000] "POST /report/koinonia HTTP/1.1" 201 63 "-" "PostmanRuntime/7.36.3"
::1 - - [11/Mar/2024:14:15:26 +0000] "POST /report/koinonia HTTP/1.1" 201 63 "-" "PostmanRuntime/7.36.3"
::1 - - [11/Mar/2024:14:17:13 +0000] "DELETE /report/koinonia/65ef11fee102c17506dd2864 HTTP/1.1" 200 175 "-" "PostmanRuntime/7.36.3"
::1 - - [11/Mar/2024:14:17:34 +0000] "POST /report/koinonia HTTP/1.1" 201 63 "-" "PostmanRuntime/7.36.3"
::1 - - [11/Mar/2024:14:18:07 +0000] "GET /report/koinonia/65ef127de102c17506dd2869 HTTP/1.1" 200 567 "-" "PostmanRuntime/7.36.3"
::1 - - [11/Mar/2024:14:18:43 +0000] "PUT /report/koinonia/65ef127de102c17506dd2869 HTTP/1.1" 200 425 "-" "PostmanRuntime/7.36.3"
::1 - - [11/Mar/2024:14:18:58 +0000] "GET /report/evening_prayer?hall=zio HTTP/1.1" 200 509 "-" "PostmanRuntime/7.36.3"
::1 - - [11/Mar/2024:14:21:10 +0000] "GET /report/koinonia?hall=zio HTTP/1.1" 200 607 "-" "PostmanRuntime/7.36.3"
::1 - - [11/Mar/2024:14:25:15 +0000] "POST /report/evangelism/ HTTP/1.1" 500 712 "-" "PostmanRuntime/7.36.3"
::1 - - [11/Mar/2024:14:26:08 +0000] "POST /report/evangelism/ HTTP/1.1" 500 644 "-" "PostmanRuntime/7.36.3"
::1 - - [11/Mar/2024:14:26:55 +0000] "POST /report/evangelism/ HTTP/1.1" 500 532 "-" "PostmanRuntime/7.36.3"
::1 - - [11/Mar/2024:14:28:46 +0000] "POST /report/evangelism/ HTTP/1.1" 201 65 "-" "PostmanRuntime/7.36.3"
::1 - - [11/Mar/2024:14:29:23 +0000] "DELETE /report/evangelism/65ef151e32a2181f76f4e8af HTTP/1.1" 200 183 "-" "PostmanRuntime/7.36.3"
::1 - - [11/Mar/2024:14:29:35 +0000] "POST /report/evangelism/ HTTP/1.1" 201 65 "-" "PostmanRuntime/7.36.3"
::1 - - [11/Mar/2024:14:30:15 +0000] "GET /report/evangelism/65ef154f32a2181f76f4e8b4 HTTP/1.1" 200 621 "-" "PostmanRuntime/7.36.3"
::1 - - [11/Mar/2024:14:31:47 +0000] "PUT /report/evangelism/65ef154f32a2181f76f4e8b4 HTTP/1.1" 200 502 "-" "PostmanRuntime/7.36.3"
::1 - - [11/Mar/2024:14:33:37 +0000] "PUT /report/evangelism/65ef154f32a2181f76f4e8b4 HTTP/1.1" 200 502 "-" "PostmanRuntime/7.36.3"
::1 - - [11/Mar/2024:14:33:51 +0000] "PUT /report/evangelism/65ef154f32a2181f76f4e8b4 HTTP/1.1" 200 331 "-" "PostmanRuntime/7.36.3"
::1 - - [11/Mar/2024:14:34:27 +0000] "GET /report/evening_prayer?hall=zio HTTP/1.1" 200 509 "-" "PostmanRuntime/7.36.3"
::1 - - [11/Mar/2024:14:34:54 +0000] "GET /report/evangelism?hall=zio HTTP/1.1" 200 515 "-" "PostmanRuntime/7.36.3"
